Determining if the pthread_create exist failed with the following output:
Change Dir: /home/raghav/sem2/apt/proj/NeuralNet/recurrent/CMakeFiles/CMakeTmp

Run Build Command:"/usr/bin/make" "cmTC_de54d/fast"
/usr/bin/make -f CMakeFiles/cmTC_de54d.dir/build.make CMakeFiles/cmTC_de54d.dir/build
make[1]: Entering directory '/home/raghav/sem2/apt/proj/NeuralNet/recurrent/CMakeFiles/CMakeTmp'
Building C object CMakeFiles/cmTC_de54d.dir/CheckSymbolExists.c.o
/usr/bin/cc    -o CMakeFiles/cmTC_de54d.dir/CheckSymbolExists.c.o   -c /home/raghav/sem2/apt/proj/NeuralNet/recurrent/CMakeFiles/CMakeTmp/CheckSymbolExists.c
Linking C executable cmTC_de54d
/opt/cmake-3.10.2-Linux-x86_64/bin/cmake -E cmake_link_script CMakeFiles/cmTC_de54d.dir/link.txt --verbose=1
/usr/bin/cc      -rdynamic CMakeFiles/cmTC_de54d.dir/CheckSymbolExists.c.o  -o cmTC_de54d 
CMakeFiles/cmTC_de54d.dir/CheckSymbolExists.c.o: In function `main':
CheckSymbolExists.c:(.text+0x16): undefined reference to `pthread_create'
collect2: error: ld returned 1 exit status
CMakeFiles/cmTC_de54d.dir/build.make:97: recipe for target 'cmTC_de54d' failed
make[1]: *** [cmTC_de54d] Error 1
make[1]: Leaving directory '/home/raghav/sem2/apt/proj/NeuralNet/recurrent/CMakeFiles/CMakeTmp'
Makefile:126: recipe for target 'cmTC_de54d/fast' failed
make: *** [cmTC_de54d/fast] Error 2

File /home/raghav/sem2/apt/proj/NeuralNet/recurrent/CMakeFiles/CMakeTmp/CheckSymbolExists.c:
/* */
#include <pthread.h>

int main(int argc, char** argv)
{
  (void)argv;
#ifndef pthread_create
  return ((int*)(&pthread_create))[argc];
#else
  (void)argc;
  return 0;
#endif
}

Determining if the pthread_create exist failed with the following output:
Change Dir: /home/raghav/sem2/apt/proj/NeuralNet/recurrent/CMakeFiles/CMakeTmp

Run Build Command:"/usr/bin/make" "cmTC_292d7/fast"
/usr/bin/make -f CMakeFiles/cmTC_292d7.dir/build.make CMakeFiles/cmTC_292d7.dir/build
make[1]: Entering directory '/home/raghav/sem2/apt/proj/NeuralNet/recurrent/CMakeFiles/CMakeTmp'
Building C object CMakeFiles/cmTC_292d7.dir/CheckSymbolExists.c.o
/usr/bin/cc    -o CMakeFiles/cmTC_292d7.dir/CheckSymbolExists.c.o   -c /home/raghav/sem2/apt/proj/NeuralNet/recurrent/CMakeFiles/CMakeTmp/CheckSymbolExists.c
Linking C executable cmTC_292d7
/opt/cmake-3.10.2-Linux-x86_64/bin/cmake -E cmake_link_script CMakeFiles/cmTC_292d7.dir/link.txt --verbose=1
/usr/bin/cc      -rdynamic CMakeFiles/cmTC_292d7.dir/CheckSymbolExists.c.o  -o cmTC_292d7 
CMakeFiles/cmTC_292d7.dir/CheckSymbolExists.c.o: In function `main':
CheckSymbolExists.c:(.text+0x16): undefined reference to `pthread_create'
collect2: error: ld returned 1 exit status
CMakeFiles/cmTC_292d7.dir/build.make:97: recipe for target 'cmTC_292d7' failed
make[1]: *** [cmTC_292d7] Error 1
make[1]: Leaving directory '/home/raghav/sem2/apt/proj/NeuralNet/recurrent/CMakeFiles/CMakeTmp'
Makefile:126: recipe for target 'cmTC_292d7/fast' failed
make: *** [cmTC_292d7/fast] Error 2

File /home/raghav/sem2/apt/proj/NeuralNet/recurrent/CMakeFiles/CMakeTmp/CheckSymbolExists.c:
/* */
#include <pthread.h>

int main(int argc, char** argv)
{
  (void)argv;
#ifndef pthread_create
  return ((int*)(&pthread_create))[argc];
#else
  (void)argc;
  return 0;
#endif
}

